# JRE version: Java(TM) SE Runtime Environment 18.9 (11.0.15+8) (build 11.0.15+8-LTS-149)
# Java VM: Java HotSpot(TM) 64-Bit Server VM 18.9 (11.0.15+8-LTS-149, mixed mode, tiered, compressed oops, g1 gc, windows-amd64)
Heap:
 garbage-first heap   total 131072K, used 79476K [0x0000000080000000, 0x0000000100000000)
  region size 1024K, 74 young (75776K), 5 survivors (5120K)
 Metaspace       used 28110K, capacity 28826K, committed 28928K, reserved 1075200K
  class space    used 3257K, capacity 3519K, committed 3584K, reserved 1048576K
GC Heap History (6 events):
Event: 0.619 GC heap before
{Heap before GC invocations=0 (full 0):
 garbage-first heap   total 131072K, used 7168K [0x0000000080000000, 0x0000000100000000)
  region size 1024K, 7 young (7168K), 0 survivors (0K)
 Metaspace       used 5901K, capacity 5947K, committed 6272K, reserved 1056768K
  class space    used 500K, capacity 534K, committed 640K, reserved 1048576K
}
Event: 0.625 GC heap after
{Heap after GC invocations=1 (full 0):
 garbage-first heap   total 131072K, used 4304K [0x0000000080000000, 0x0000000100000000)
  region size 1024K, 1 young (1024K), 1 survivors (1024K)
 Metaspace       used 5901K, capacity 5947K, committed 6272K, reserved 1056768K
  class space    used 500K, capacity 534K, committed 640K, reserved 1048576K
}
Event: 0.848 GC heap before
{Heap before GC invocations=1 (full 0):
 garbage-first heap   total 131072K, used 8400K [0x0000000080000000, 0x0000000100000000)
  region size 1024K, 6 young (6144K), 1 survivors (1024K)
 Metaspace       used 7692K, capacity 7784K, committed 7936K, reserved 1056768K
  class space    used 687K, capacity 741K, committed 768K, reserved 1048576K
}
Event: 0.852 GC heap after
{Heap after GC invocations=2 (full 0):
 garbage-first heap   total 131072K, used 6195K [0x0000000080000000, 0x0000000100000000)
  region size 1024K, 1 young (1024K), 1 survivors (1024K)
 Metaspace       used 7692K, capacity 7784K, committed 7936K, reserved 1056768K
  class space    used 687K, capacity 741K, committed 768K, reserved 1048576K
}
Event: 3.235 GC heap before
{Heap before GC invocations=2 (full 0):
 garbage-first heap   total 131072K, used 81971K [0x0000000080000000, 0x0000000100000000)
  region size 1024K, 75 young (76800K), 1 survivors (1024K)
 Metaspace       used 20597K, capacity 21101K, committed 21248K, reserved 1069056K
  class space    used 2274K, capacity 2459K, committed 2560K, reserved 1048576K
}
Event: 3.250 GC heap after
{Heap after GC invocations=3 (full 0):
 garbage-first heap   total 131072K, used 9844K [0x0000000080000000, 0x0000000100000000)
  region size 1024K, 5 young (5120K), 5 survivors (5120K)
 Metaspace       used 20597K, capacity 21101K, committed 21248K, reserved 1069056K
  class space    used 2274K, capacity 2459K, committed 2560K, reserved 1048576K
}

