# JRE version: Java(TM) SE Runtime Environment 18.9 (11.0.15+8) (build 11.0.15+8-LTS-149)
# Java VM: Java HotSpot(TM) 64-Bit Server VM 18.9 (11.0.15+8-LTS-149, mixed mode, tiered, compressed oops, g1 gc, windows-amd64)
Heap:
 garbage-first heap   total 244736K, used 7812K [0x0000000080000000, 0x0000000100000000)
  region size 1024K, 4 young (4096K), 4 survivors (4096K)
 Metaspace       used 25121K, capacity 25699K, committed 25856K, reserved 1073152K
  class space    used 2804K, capacity 3036K, committed 3072K, reserved 1048576K
GC Heap History (10 events):
Event: 1.938 GC heap after
{Heap after GC invocations=1 (full 0):
 garbage-first heap   total 131072K, used 3004K [0x0000000080000000, 0x0000000100000000)
  region size 1024K, 1 young (1024K), 1 survivors (1024K)
 Metaspace       used 8590K, capacity 8666K, committed 8832K, reserved 1056768K
  class space    used 772K, capacity 803K, committed 896K, reserved 1048576K
}
Event: 2.148 GC heap before
{Heap before GC invocations=1 (full 0):
 garbage-first heap   total 131072K, used 7100K [0x0000000080000000, 0x0000000100000000)
  region size 1024K, 6 young (6144K), 1 survivors (1024K)
 Metaspace       used 9950K, capacity 10078K, committed 10240K, reserved 1058816K
  class space    used 914K, capacity 955K, committed 1024K, reserved 1048576K
}
Event: 2.153 GC heap after
{Heap after GC invocations=2 (full 0):
 garbage-first heap   total 131072K, used 3934K [0x0000000080000000, 0x0000000100000000)
  region size 1024K, 1 young (1024K), 1 survivors (1024K)
 Metaspace       used 9950K, capacity 10078K, committed 10240K, reserved 1058816K
  class space    used 914K, capacity 955K, committed 1024K, reserved 1048576K
}
Event: 2.903 GC heap before
{Heap before GC invocations=2 (full 0):
 garbage-first heap   total 131072K, used 15198K [0x0000000080000000, 0x0000000100000000)
  region size 1024K, 12 young (12288K), 1 survivors (1024K)
 Metaspace       used 13180K, capacity 13421K, committed 13568K, reserved 1060864K
  class space    used 1316K, capacity 1421K, committed 1536K, reserved 1048576K
}
Event: 2.912 GC heap after
{Heap after GC invocations=3 (full 0):
 garbage-first heap   total 131072K, used 4570K [0x0000000080000000, 0x0000000100000000)
  region size 1024K, 2 young (2048K), 2 survivors (2048K)
 Metaspace       used 13180K, capacity 13421K, committed 13568K, reserved 1060864K
  class space    used 1316K, capacity 1421K, committed 1536K, reserved 1048576K
}
Event: 3.538 GC heap before
{Heap before GC invocations=3 (full 0):
 garbage-first heap   total 131072K, used 20954K [0x0000000080000000, 0x0000000100000000)
  region size 1024K, 18 young (18432K), 2 survivors (2048K)
 Metaspace       used 16877K, capacity 17225K, committed 17408K, reserved 1064960K
  class space    used 1803K, capacity 1953K, committed 2048K, reserved 1048576K
}
Event: 3.553 GC heap after
{Heap after GC invocations=4 (full 0):
 garbage-first heap   total 131072K, used 5492K [0x0000000080000000, 0x0000000100000000)
  region size 1024K, 3 young (3072K), 3 survivors (3072K)
 Metaspace       used 16877K, capacity 17225K, committed 17408K, reserved 1064960K
  class space    used 1803K, capacity 1953K, committed 2048K, reserved 1048576K
}
Event: 4.294 GC heap before
{Heap before GC invocations=4 (full 0):
 garbage-first heap   total 131072K, used 21876K [0x0000000080000000, 0x0000000100000000)
  region size 1024K, 21 young (21504K), 3 survivors (3072K)
 Metaspace       used 20674K, capacity 21152K, committed 21424K, reserved 1069056K
  class space    used 2232K, capacity 2458K, committed 2560K, reserved 1048576K
}
Event: 4.304 GC heap after
{Heap after GC invocations=5 (full 0):
 garbage-first heap   total 131072K, used 6285K [0x0000000080000000, 0x0000000100000000)
  region size 1024K, 3 young (3072K), 3 survivors (3072K)
 Metaspace       used 20674K, capacity 21152K, committed 21424K, reserved 1069056K
  class space    used 2232K, capacity 2458K, committed 2560K, reserved 1048576K
}
Event: 6.008 GC heap before
{Heap before GC invocations=6 (full 0):
 garbage-first heap   total 131072K, used 40077K [0x0000000080000000, 0x0000000100000000)
  region size 1024K, 37 young (37888K), 3 survivors (3072K)
 Metaspace       used 25121K, capacity 25699K, committed 25856K, reserved 1073152K
  class space    used 2804K, capacity 3036K, committed 3072K, reserved 1048576K
}

