# JRE version: Java(TM) SE Runtime Environment 18.9 (11.0.15+8) (build 11.0.15+8-LTS-149)
# Java VM: Java HotSpot(TM) 64-Bit Server VM 18.9 (11.0.15+8-LTS-149, mixed mode, tiered, compressed oops, g1 gc, windows-amd64)
Heap:
 garbage-first heap   total 157696K, used 7676K [0x0000000080000000, 0x0000000100000000)
  region size 1024K, 3 young (3072K), 3 survivors (3072K)
 Metaspace       used 20730K, capacity 21146K, committed 21296K, reserved 1069056K
  class space    used 2233K, capacity 2393K, committed 2432K, reserved 1048576K
GC Heap History (9 events):
Event: 0.562 GC heap before
{Heap before GC invocations=0 (full 0):
 garbage-first heap   total 131072K, used 6144K [0x0000000080000000, 0x0000000100000000)
  region size 1024K, 7 young (7168K), 0 survivors (0K)
 Metaspace       used 6096K, capacity 6159K, committed 6272K, reserved 1056768K
  class space    used 521K, capacity 538K, committed 640K, reserved 1048576K
}
Event: 0.568 GC heap after
{Heap after GC invocations=1 (full 0):
 garbage-first heap   total 131072K, used 4252K [0x0000000080000000, 0x0000000100000000)
  region size 1024K, 1 young (1024K), 1 survivors (1024K)
 Metaspace       used 6096K, capacity 6159K, committed 6272K, reserved 1056768K
  class space    used 521K, capacity 538K, committed 640K, reserved 1048576K
}
Event: 0.880 GC heap before
{Heap before GC invocations=1 (full 0):
 garbage-first heap   total 131072K, used 9372K [0x0000000080000000, 0x0000000100000000)
  region size 1024K, 6 young (6144K), 1 survivors (1024K)
 Metaspace       used 9107K, capacity 9198K, committed 9344K, reserved 1058816K
  class space    used 823K, capacity 871K, committed 896K, reserved 1048576K
}
Event: 0.887 GC heap after
{Heap after GC invocations=2 (full 0):
 garbage-first heap   total 131072K, used 5433K [0x0000000080000000, 0x0000000100000000)
  region size 1024K, 1 young (1024K), 1 survivors (1024K)
 Metaspace       used 9107K, capacity 9198K, committed 9344K, reserved 1058816K
  class space    used 823K, capacity 871K, committed 896K, reserved 1048576K
}
Event: 1.355 GC heap before
{Heap before GC invocations=2 (full 0):
 garbage-first heap   total 131072K, used 15673K [0x0000000080000000, 0x0000000100000000)
  region size 1024K, 11 young (11264K), 1 survivors (1024K)
 Metaspace       used 11941K, capacity 12138K, committed 12288K, reserved 1060864K
  class space    used 1177K, capacity 1240K, committed 1280K, reserved 1048576K
}
Event: 1.360 GC heap after
{Heap after GC invocations=3 (full 0):
 garbage-first heap   total 131072K, used 6078K [0x0000000080000000, 0x0000000100000000)
  region size 1024K, 2 young (2048K), 2 survivors (2048K)
 Metaspace       used 11941K, capacity 12138K, committed 12288K, reserved 1060864K
  class space    used 1177K, capacity 1240K, committed 1280K, reserved 1048576K
}
Event: 1.731 GC heap before
{Heap before GC invocations=3 (full 0):
 garbage-first heap   total 131072K, used 20414K [0x0000000080000000, 0x0000000100000000)
  region size 1024K, 17 young (17408K), 2 survivors (2048K)
 Metaspace       used 15880K, capacity 16177K, committed 16384K, reserved 1064960K
  class space    used 1583K, capacity 1699K, committed 1792K, reserved 1048576K
}
Event: 1.739 GC heap after
{Heap after GC invocations=4 (full 0):
 garbage-first heap   total 131072K, used 6923K [0x0000000080000000, 0x0000000100000000)
  region size 1024K, 2 young (2048K), 2 survivors (2048K)
 Metaspace       used 15880K, capacity 16177K, committed 16384K, reserved 1064960K
  class space    used 1583K, capacity 1699K, committed 1792K, reserved 1048576K
}
Event: 2.239 GC heap before
{Heap before GC invocations=4 (full 0):
 garbage-first heap   total 131072K, used 25355K [0x0000000080000000, 0x0000000100000000)
  region size 1024K, 22 young (22528K), 2 survivors (2048K)
 Metaspace       used 20730K, capacity 21146K, committed 21296K, reserved 1069056K
  class space    used 2233K, capacity 2393K, committed 2432K, reserved 1048576K
}

