# JRE version: Java(TM) SE Runtime Environment 18.9 (11.0.15+8) (build 11.0.15+8-LTS-149)
# Java VM: Java HotSpot(TM) 64-Bit Server VM 18.9 (11.0.15+8-LTS-149, mixed mode, tiered, compressed oops, g1 gc, windows-amd64)
Heap:
 garbage-first heap   total 157696K, used 7656K [0x0000000080000000, 0x0000000100000000)
  region size 1024K, 2 young (2048K), 2 survivors (2048K)
 Metaspace       used 20813K, capacity 21224K, committed 21296K, reserved 1069056K
  class space    used 2227K, capacity 2417K, committed 2432K, reserved 1048576K
GC Heap History (9 events):
Event: 0.533 GC heap before
{Heap before GC invocations=0 (full 0):
 garbage-first heap   total 131072K, used 6144K [0x0000000080000000, 0x0000000100000000)
  region size 1024K, 7 young (7168K), 0 survivors (0K)
 Metaspace       used 6118K, capacity 6155K, committed 6272K, reserved 1056768K
  class space    used 525K, capacity 538K, committed 640K, reserved 1048576K
}
Event: 0.540 GC heap after
{Heap after GC invocations=1 (full 0):
 garbage-first heap   total 131072K, used 4248K [0x0000000080000000, 0x0000000100000000)
  region size 1024K, 1 young (1024K), 1 survivors (1024K)
 Metaspace       used 6118K, capacity 6155K, committed 6272K, reserved 1056768K
  class space    used 525K, capacity 538K, committed 640K, reserved 1048576K
}
Event: 0.852 GC heap before
{Heap before GC invocations=1 (full 0):
 garbage-first heap   total 131072K, used 8344K [0x0000000080000000, 0x0000000100000000)
  region size 1024K, 6 young (6144K), 1 survivors (1024K)
 Metaspace       used 9065K, capacity 9198K, committed 9344K, reserved 1058816K
  class space    used 820K, capacity 871K, committed 896K, reserved 1048576K
}
Event: 0.857 GC heap after
{Heap after GC invocations=2 (full 0):
 garbage-first heap   total 131072K, used 5192K [0x0000000080000000, 0x0000000100000000)
  region size 1024K, 1 young (1024K), 1 survivors (1024K)
 Metaspace       used 9065K, capacity 9198K, committed 9344K, reserved 1058816K
  class space    used 820K, capacity 871K, committed 896K, reserved 1048576K
}
Event: 1.239 GC heap before
{Heap before GC invocations=2 (full 0):
 garbage-first heap   total 131072K, used 15432K [0x0000000080000000, 0x0000000100000000)
  region size 1024K, 11 young (11264K), 1 survivors (1024K)
 Metaspace       used 11953K, capacity 12095K, committed 12288K, reserved 1060864K
  class space    used 1168K, capacity 1221K, committed 1280K, reserved 1048576K
}
Event: 1.245 GC heap after
{Heap after GC invocations=3 (full 0):
 garbage-first heap   total 131072K, used 6066K [0x0000000080000000, 0x0000000100000000)
  region size 1024K, 2 young (2048K), 2 survivors (2048K)
 Metaspace       used 11953K, capacity 12095K, committed 12288K, reserved 1060864K
  class space    used 1168K, capacity 1221K, committed 1280K, reserved 1048576K
}
Event: 1.650 GC heap before
{Heap before GC invocations=3 (full 0):
 garbage-first heap   total 131072K, used 21426K [0x0000000080000000, 0x0000000100000000)
  region size 1024K, 17 young (17408K), 2 survivors (2048K)
 Metaspace       used 15914K, capacity 16254K, committed 16384K, reserved 1064960K
  class space    used 1575K, capacity 1702K, committed 1792K, reserved 1048576K
}
Event: 1.657 GC heap after
{Heap after GC invocations=4 (full 0):
 garbage-first heap   total 131072K, used 6738K [0x0000000080000000, 0x0000000100000000)
  region size 1024K, 2 young (2048K), 2 survivors (2048K)
 Metaspace       used 15914K, capacity 16254K, committed 16384K, reserved 1064960K
  class space    used 1575K, capacity 1702K, committed 1792K, reserved 1048576K
}
Event: 2.201 GC heap before
{Heap before GC invocations=4 (full 0):
 garbage-first heap   total 131072K, used 26194K [0x0000000080000000, 0x0000000100000000)
  region size 1024K, 23 young (23552K), 2 survivors (2048K)
 Metaspace       used 20813K, capacity 21224K, committed 21296K, reserved 1069056K
  class space    used 2227K, capacity 2417K, committed 2432K, reserved 1048576K
}

